<?xml version="1.0" encoding="UTF-8"?>
<testng-results ignored="0" total="21" passed="21" failed="0" skipped="0">
  <reporter-output>
  </reporter-output>
  <suite started-at="2025-08-30T23:13:37 IST" name="BMS Cucumber Suite" finished-at="2025-08-30T23:18:32 IST" duration-ms="295535">
    <groups>
      <group name="cucumber">
        <method signature="AbstractTestNGCucumberTests.runScenario(io.cucumber.testng.PickleWrapper,io.cucumber.testng.FeatureWrapper)[pri:0, instance:runners.TestRunner@e4487af]" name="runScenario" class="io.cucumber.testng.AbstractTestNGCucumberTests"/>
      </group> <!-- cucumber -->
    </groups>
    <test started-at="2025-08-30T23:13:37 IST" name="CucumberTests" finished-at="2025-08-30T23:18:32 IST" duration-ms="295535">
      <class name="runners.TestRunner">
        <test-method is-config="true" signature="setUpClass(org.testng.ITestContext)[pri:0, instance:runners.TestRunner@e4487af]" started-at="2025-08-30T23:13:37 IST" name="setUpClass" finished-at="2025-08-30T23:13:37 IST" duration-ms="392" status="PASS">
          <params>
            <param index="0">
              <value>
                <![CDATA[org.testng.TestRunner@1142843c]]>
              </value>
            </param>
          </params>
          <reporter-output>
          </reporter-output>
        </test-method> <!-- setUpClass -->
        <test-method signature="runScenario(io.cucumber.testng.PickleWrapper,io.cucumber.testng.FeatureWrapper)[pri:0, instance:runners.TestRunner@e4487af]" started-at="2025-08-30T23:13:37 IST" name="runScenario" description="Runs Cucumber Scenarios" data-provider="scenarios" finished-at="2025-08-30T23:13:57 IST" duration-ms="20134" status="PASS">
          <params>
            <param index="0">
              <value>
                <![CDATA["Ensure selected city is displayed beside Sign In"]]>
              </value>
            </param>
            <param index="1">
              <value>
                <![CDATA["City Selection Module"]]>
              </value>
            </param>
          </params>
          <reporter-output>
          </reporter-output>
        </test-method> <!-- runScenario -->
        <test-method signature="runScenario(io.cucumber.testng.PickleWrapper,io.cucumber.testng.FeatureWrapper)[pri:0, instance:runners.TestRunner@e4487af]" started-at="2025-08-30T23:13:57 IST" name="runScenario" description="Runs Cucumber Scenarios" data-provider="scenarios" finished-at="2025-08-30T23:14:07 IST" duration-ms="9316" status="PASS">
          <params>
            <param index="0">
              <value>
                <![CDATA["Search for a city by valid name"]]>
              </value>
            </param>
            <param index="1">
              <value>
                <![CDATA["City Selection Module"]]>
              </value>
            </param>
          </params>
          <reporter-output>
          </reporter-output>
        </test-method> <!-- runScenario -->
        <test-method signature="runScenario(io.cucumber.testng.PickleWrapper,io.cucumber.testng.FeatureWrapper)[pri:0, instance:runners.TestRunner@e4487af]" started-at="2025-08-30T23:14:07 IST" name="runScenario" description="Runs Cucumber Scenarios" data-provider="scenarios" finished-at="2025-08-30T23:14:16 IST" duration-ms="9372" status="PASS">
          <params>
            <param index="0">
              <value>
                <![CDATA["Search for a city by valid name"]]>
              </value>
            </param>
            <param index="1">
              <value>
                <![CDATA["City Selection Module"]]>
              </value>
            </param>
          </params>
          <reporter-output>
          </reporter-output>
        </test-method> <!-- runScenario -->
        <test-method signature="runScenario(io.cucumber.testng.PickleWrapper,io.cucumber.testng.FeatureWrapper)[pri:0, instance:runners.TestRunner@e4487af]" started-at="2025-08-30T23:14:16 IST" name="runScenario" description="Runs Cucumber Scenarios" data-provider="scenarios" finished-at="2025-08-30T23:14:26 IST" duration-ms="9606" status="PASS">
          <params>
            <param index="0">
              <value>
                <![CDATA["Search for a city by valid name"]]>
              </value>
            </param>
            <param index="1">
              <value>
                <![CDATA["City Selection Module"]]>
              </value>
            </param>
          </params>
          <reporter-output>
          </reporter-output>
        </test-method> <!-- runScenario -->
        <test-method signature="runScenario(io.cucumber.testng.PickleWrapper,io.cucumber.testng.FeatureWrapper)[pri:0, instance:runners.TestRunner@e4487af]" started-at="2025-08-30T23:14:26 IST" name="runScenario" description="Runs Cucumber Scenarios" data-provider="scenarios" finished-at="2025-08-30T23:14:35 IST" duration-ms="9263" status="PASS">
          <params>
            <param index="0">
              <value>
                <![CDATA["Search for a city by valid name"]]>
              </value>
            </param>
            <param index="1">
              <value>
                <![CDATA["City Selection Module"]]>
              </value>
            </param>
          </params>
          <reporter-output>
          </reporter-output>
        </test-method> <!-- runScenario -->
        <test-method signature="runScenario(io.cucumber.testng.PickleWrapper,io.cucumber.testng.FeatureWrapper)[pri:0, instance:runners.TestRunner@e4487af]" started-at="2025-08-30T23:14:35 IST" name="runScenario" description="Runs Cucumber Scenarios" data-provider="scenarios" finished-at="2025-08-30T23:14:45 IST" duration-ms="10483" status="PASS">
          <params>
            <param index="0">
              <value>
                <![CDATA["Search for a city by invalid/non-existing name"]]>
              </value>
            </param>
            <param index="1">
              <value>
                <![CDATA["City Selection Module"]]>
              </value>
            </param>
          </params>
          <reporter-output>
          </reporter-output>
        </test-method> <!-- runScenario -->
        <test-method signature="runScenario(io.cucumber.testng.PickleWrapper,io.cucumber.testng.FeatureWrapper)[pri:0, instance:runners.TestRunner@e4487af]" started-at="2025-08-30T23:14:45 IST" name="runScenario" description="Runs Cucumber Scenarios" data-provider="scenarios" finished-at="2025-08-30T23:14:55 IST" duration-ms="9111" status="PASS">
          <params>
            <param index="0">
              <value>
                <![CDATA["Search for a city by invalid/non-existing name"]]>
              </value>
            </param>
            <param index="1">
              <value>
                <![CDATA["City Selection Module"]]>
              </value>
            </param>
          </params>
          <reporter-output>
          </reporter-output>
        </test-method> <!-- runScenario -->
        <test-method signature="runScenario(io.cucumber.testng.PickleWrapper,io.cucumber.testng.FeatureWrapper)[pri:0, instance:runners.TestRunner@e4487af]" started-at="2025-08-30T23:14:55 IST" name="runScenario" description="Runs Cucumber Scenarios" data-provider="scenarios" finished-at="2025-08-30T23:15:04 IST" duration-ms="9130" status="PASS">
          <params>
            <param index="0">
              <value>
                <![CDATA["Search for a city by invalid/non-existing name"]]>
              </value>
            </param>
            <param index="1">
              <value>
                <![CDATA["City Selection Module"]]>
              </value>
            </param>
          </params>
          <reporter-output>
          </reporter-output>
        </test-method> <!-- runScenario -->
        <test-method signature="runScenario(io.cucumber.testng.PickleWrapper,io.cucumber.testng.FeatureWrapper)[pri:0, instance:runners.TestRunner@e4487af]" started-at="2025-08-30T23:15:04 IST" name="runScenario" description="Runs Cucumber Scenarios" data-provider="scenarios" finished-at="2025-08-30T23:15:13 IST" duration-ms="9606" status="PASS">
          <params>
            <param index="0">
              <value>
                <![CDATA["View all cities and validate few city names"]]>
              </value>
            </param>
            <param index="1">
              <value>
                <![CDATA["City Selection Module"]]>
              </value>
            </param>
          </params>
          <reporter-output>
          </reporter-output>
        </test-method> <!-- runScenario -->
        <test-method signature="runScenario(io.cucumber.testng.PickleWrapper,io.cucumber.testng.FeatureWrapper)[pri:0, instance:runners.TestRunner@e4487af]" started-at="2025-08-30T23:15:13 IST" name="runScenario" description="Runs Cucumber Scenarios" data-provider="scenarios" finished-at="2025-08-30T23:15:23 IST" duration-ms="9226" status="PASS">
          <params>
            <param index="0">
              <value>
                <![CDATA["View all cities and validate few city names"]]>
              </value>
            </param>
            <param index="1">
              <value>
                <![CDATA["City Selection Module"]]>
              </value>
            </param>
          </params>
          <reporter-output>
          </reporter-output>
        </test-method> <!-- runScenario -->
        <test-method signature="runScenario(io.cucumber.testng.PickleWrapper,io.cucumber.testng.FeatureWrapper)[pri:0, instance:runners.TestRunner@e4487af]" started-at="2025-08-30T23:15:23 IST" name="runScenario" description="Runs Cucumber Scenarios" data-provider="scenarios" finished-at="2025-08-30T23:15:31 IST" duration-ms="8514" status="PASS">
          <params>
            <param index="0">
              <value>
                <![CDATA["Validate error message for invalid gift card voucher"]]>
              </value>
            </param>
            <param index="1">
              <value>
                <![CDATA["Gift Card Selection Module"]]>
              </value>
            </param>
          </params>
          <reporter-output>
          </reporter-output>
        </test-method> <!-- runScenario -->
        <test-method signature="runScenario(io.cucumber.testng.PickleWrapper,io.cucumber.testng.FeatureWrapper)[pri:0, instance:runners.TestRunner@e4487af]" started-at="2025-08-30T23:15:31 IST" name="runScenario" description="Runs Cucumber Scenarios" data-provider="scenarios" finished-at="2025-08-30T23:15:38 IST" duration-ms="7087" status="PASS">
          <params>
            <param index="0">
              <value>
                <![CDATA["Ensure login UI elements are visible and functional"]]>
              </value>
            </param>
            <param index="1">
              <value>
                <![CDATA["Login Module"]]>
              </value>
            </param>
          </params>
          <reporter-output>
          </reporter-output>
        </test-method> <!-- runScenario -->
        <test-method signature="runScenario(io.cucumber.testng.PickleWrapper,io.cucumber.testng.FeatureWrapper)[pri:0, instance:runners.TestRunner@e4487af]" started-at="2025-08-30T23:15:38 IST" name="runScenario" description="Runs Cucumber Scenarios" data-provider="scenarios" finished-at="2025-08-30T23:16:21 IST" duration-ms="42490" status="PASS">
          <params>
            <param index="0">
              <value>
                <![CDATA["Valid login and back navigation with different numbers"]]>
              </value>
            </param>
            <param index="1">
              <value>
                <![CDATA["Login Module"]]>
              </value>
            </param>
          </params>
          <reporter-output>
          </reporter-output>
        </test-method> <!-- runScenario -->
        <test-method signature="runScenario(io.cucumber.testng.PickleWrapper,io.cucumber.testng.FeatureWrapper)[pri:0, instance:runners.TestRunner@e4487af]" started-at="2025-08-30T23:16:21 IST" name="runScenario" description="Runs Cucumber Scenarios" data-provider="scenarios" finished-at="2025-08-30T23:17:03 IST" duration-ms="42699" status="PASS">
          <params>
            <param index="0">
              <value>
                <![CDATA["Valid login and back navigation with different numbers"]]>
              </value>
            </param>
            <param index="1">
              <value>
                <![CDATA["Login Module"]]>
              </value>
            </param>
          </params>
          <reporter-output>
          </reporter-output>
        </test-method> <!-- runScenario -->
        <test-method signature="runScenario(io.cucumber.testng.PickleWrapper,io.cucumber.testng.FeatureWrapper)[pri:0, instance:runners.TestRunner@e4487af]" started-at="2025-08-30T23:17:03 IST" name="runScenario" description="Runs Cucumber Scenarios" data-provider="scenarios" finished-at="2025-08-30T23:17:47 IST" duration-ms="43357" status="PASS">
          <params>
            <param index="0">
              <value>
                <![CDATA["Valid login and back navigation with different numbers"]]>
              </value>
            </param>
            <param index="1">
              <value>
                <![CDATA["Login Module"]]>
              </value>
            </param>
          </params>
          <reporter-output>
          </reporter-output>
        </test-method> <!-- runScenario -->
        <test-method signature="runScenario(io.cucumber.testng.PickleWrapper,io.cucumber.testng.FeatureWrapper)[pri:0, instance:runners.TestRunner@e4487af]" started-at="2025-08-30T23:17:47 IST" name="runScenario" description="Runs Cucumber Scenarios" data-provider="scenarios" finished-at="2025-08-30T23:17:54 IST" duration-ms="7240" status="PASS">
          <params>
            <param index="0">
              <value>
                <![CDATA["Handle invalid login attempt with wrong mobile number"]]>
              </value>
            </param>
            <param index="1">
              <value>
                <![CDATA["Login Module"]]>
              </value>
            </param>
          </params>
          <reporter-output>
          </reporter-output>
        </test-method> <!-- runScenario -->
        <test-method signature="runScenario(io.cucumber.testng.PickleWrapper,io.cucumber.testng.FeatureWrapper)[pri:0, instance:runners.TestRunner@e4487af]" started-at="2025-08-30T23:17:54 IST" name="runScenario" description="Runs Cucumber Scenarios" data-provider="scenarios" finished-at="2025-08-30T23:18:01 IST" duration-ms="7106" status="PASS">
          <params>
            <param index="0">
              <value>
                <![CDATA["Handle invalid login attempt with wrong mobile number"]]>
              </value>
            </param>
            <param index="1">
              <value>
                <![CDATA["Login Module"]]>
              </value>
            </param>
          </params>
          <reporter-output>
          </reporter-output>
        </test-method> <!-- runScenario -->
        <test-method signature="runScenario(io.cucumber.testng.PickleWrapper,io.cucumber.testng.FeatureWrapper)[pri:0, instance:runners.TestRunner@e4487af]" started-at="2025-08-30T23:18:01 IST" name="runScenario" description="Runs Cucumber Scenarios" data-provider="scenarios" finished-at="2025-08-30T23:18:12 IST" duration-ms="10539" status="PASS">
          <params>
            <param index="0">
              <value>
                <![CDATA["Handle invalid login attempt with wrong mobile number"]]>
              </value>
            </param>
            <param index="1">
              <value>
                <![CDATA["Login Module"]]>
              </value>
            </param>
          </params>
          <reporter-output>
          </reporter-output>
        </test-method> <!-- runScenario -->
        <test-method signature="runScenario(io.cucumber.testng.PickleWrapper,io.cucumber.testng.FeatureWrapper)[pri:0, instance:runners.TestRunner@e4487af]" started-at="2025-08-30T23:18:12 IST" name="runScenario" description="Runs Cucumber Scenarios" data-provider="scenarios" finished-at="2025-08-30T23:18:18 IST" duration-ms="6365" status="PASS">
          <params>
            <param index="0">
              <value>
                <![CDATA["Validate recommended movie selection on home page"]]>
              </value>
            </param>
            <param index="1">
              <value>
                <![CDATA["Movie Selection Module"]]>
              </value>
            </param>
          </params>
          <reporter-output>
          </reporter-output>
        </test-method> <!-- runScenario -->
        <test-method signature="runScenario(io.cucumber.testng.PickleWrapper,io.cucumber.testng.FeatureWrapper)[pri:0, instance:runners.TestRunner@e4487af]" started-at="2025-08-30T23:18:18 IST" name="runScenario" description="Runs Cucumber Scenarios" data-provider="scenarios" finished-at="2025-08-30T23:18:23 IST" duration-ms="5476" status="PASS">
          <params>
            <param index="0">
              <value>
                <![CDATA["Validate explore upcoming movies and in-cinemas section"]]>
              </value>
            </param>
            <param index="1">
              <value>
                <![CDATA["Movie Selection Module"]]>
              </value>
            </param>
          </params>
          <reporter-output>
          </reporter-output>
        </test-method> <!-- runScenario -->
        <test-method signature="runScenario(io.cucumber.testng.PickleWrapper,io.cucumber.testng.FeatureWrapper)[pri:0, instance:runners.TestRunner@e4487af]" started-at="2025-08-30T23:18:23 IST" name="runScenario" description="Runs Cucumber Scenarios" data-provider="scenarios" finished-at="2025-08-30T23:18:32 IST" duration-ms="8921" status="PASS">
          <params>
            <param index="0">
              <value>
                <![CDATA["Validate UI elements on movie screen"]]>
              </value>
            </param>
            <param index="1">
              <value>
                <![CDATA["Movie Selection Module"]]>
              </value>
            </param>
          </params>
          <reporter-output>
          </reporter-output>
        </test-method> <!-- runScenario -->
        <test-method is-config="true" signature="tearDownClass()[pri:0, instance:runners.TestRunner@e4487af]" started-at="2025-08-30T23:18:32 IST" name="tearDownClass" finished-at="2025-08-30T23:18:32 IST" duration-ms="41" status="PASS">
          <reporter-output>
          </reporter-output>
        </test-method> <!-- tearDownClass -->
      </class> <!-- runners.TestRunner -->
    </test> <!-- CucumberTests -->
  </suite> <!-- BMS Cucumber Suite -->
</testng-results>
